<?xml version="1.0" encoding="UTF-8"?>
<!-- Generated by org.testng.reporters.JUnitReportReporter -->
<testsuite ignored="0" hostname="DESKTOP-G23UU8I" failures="0" tests="1" name="scripts.MavenTest1" time="3.068" errors="0" timestamp="04 Mar 2022 06:08:00 GMT" skipped="0">
  <testcase classname="scripts.MavenTest1" name="Method" time="3.068"/>
</testsuite> <!-- scripts.MavenTest1 -->
